<?xml version="1.0" encoding="UTF-8"?>
<testsuite xmlns:xsi="http://www.w3.org/2001/XMLSchema-instance" xsi:noNamespaceSchemaLocation="https://maven.apache.org/surefire/maven-surefire-plugin/xsd/surefire-test-report-3.0.xsd" version="3.0" name="com.group8.projectpfe.ProjectPfeApplicationTests" time="10.97" tests="1" errors="0" skipped="0" failures="0">
  <properties>
[...]
</properties>
  <testcase name="contextLoads" classname="com.group8.projectpfe.ProjectPfeApplicationTests" time="1.22">
    <system-out><![CDATA[01:03:23.315 [main] INFO org.springframework.test.context.support.AnnotationConfigContextLoaderUtils -- Could not detect default configuration classes for test class [com.group8.projectpfe.ProjectPfeApplicationTests]: ProjectPfeApplicationTests does not declare any static, non-private, non-final, nested classes annotated with @Configuration.
01:03:23.564 [main] INFO org.springframework.boot.test.context.SpringBootTestContextBootstrapper -- Found @SpringBootConfiguration com.group8.projectpfe.ProjectPfeApplication for test class com.group8.projectpfe.ProjectPfeApplicationTests
01:03:24.013 [main] INFO org.springframework.boot.devtools.restart.RestartApplicationListener -- Restart disabled due to context in which it is running

  .   ____          _            __ _ _
 /\\ / ___'_ __ _ _(_)_ __  __ _ \ \ \ \
( ( )\___ | '_ | '_| | '_ \/ _` | \ \ \ \
 \\/  ___)| |_)| | | | | || (_| |  ) ) ) )
  '  |____| .__|_| |_|_| |_\__, | / / / /
 =========|_|==============|___/=/_/_/_/
 :: Spring Boot ::                (v3.1.5)

2023-11-25T01:03:24.785+01:00  INFO 6408 --- [           main] c.g.p.ProjectPfeApplicationTests         : Starting ProjectPfeApplicationTests using Java 17.0.7 with PID 6408 (started by aymane in C:\Users\aymane\Documents\project-pfe\backed-spring)
2023-11-25T01:03:24.789+01:00  INFO 6408 --- [           main] c.g.p.ProjectPfeApplicationTests         : No active profile set, falling back to 1 default profile: "default"
2023-11-25T01:03:26.468+01:00  INFO 6408 --- [           main] .s.d.r.c.RepositoryConfigurationDelegate : Bootstrapping Spring Data JPA repositories in DEFAULT mode.
2023-11-25T01:03:26.598+01:00  INFO 6408 --- [           main] .s.d.r.c.RepositoryConfigurationDelegate : Finished Spring Data repository scanning in 111 ms. Found 1 JPA repository interfaces.
2023-11-25T01:03:27.597+01:00  INFO 6408 --- [           main] o.hibernate.jpa.internal.util.LogHelper  : HHH000204: Processing PersistenceUnitInfo [name: default]
2023-11-25T01:03:27.741+01:00  INFO 6408 --- [           main] org.hibernate.Version                    : HHH000412: Hibernate ORM core version 6.2.13.Final
2023-11-25T01:03:27.747+01:00  INFO 6408 --- [           main] org.hibernate.cfg.Environment            : HHH000406: Using bytecode reflection optimizer
2023-11-25T01:03:28.560+01:00  INFO 6408 --- [           main] o.s.o.j.p.SpringPersistenceUnitInfo      : No LoadTimeWeaver setup: ignoring JPA class transformer
2023-11-25T01:03:28.623+01:00  INFO 6408 --- [           main] com.zaxxer.hikari.HikariDataSource       : HikariPool-1 - Starting...
2023-11-25T01:03:29.077+01:00  INFO 6408 --- [           main] com.zaxxer.hikari.pool.HikariPool        : HikariPool-1 - Added connection org.postgresql.jdbc.PgConnection@684372d0
2023-11-25T01:03:29.081+01:00  INFO 6408 --- [           main] com.zaxxer.hikari.HikariDataSource       : HikariPool-1 - Start completed.
2023-11-25T01:03:29.156+01:00  WARN 6408 --- [           main] org.hibernate.orm.deprecation            : HHH90000025: PostgreSQLDialect does not need to be specified explicitly using 'hibernate.dialect' (remove the property setting and it will be selected by default)
2023-11-25T01:03:30.877+01:00  INFO 6408 --- [           main] o.h.e.t.j.p.i.JtaPlatformInitiator       : HHH000489: No JTA platform available (set 'hibernate.transaction.jta.platform' to enable JTA platform integration)
2023-11-25T01:03:30.958+01:00  INFO 6408 --- [           main] j.LocalContainerEntityManagerFactoryBean : Initialized JPA EntityManagerFactory for persistence unit 'default'
2023-11-25T01:03:31.789+01:00  WARN 6408 --- [           main] JpaBaseConfiguration$JpaWebConfiguration : spring.jpa.open-in-view is enabled by default. Therefore, database queries may be performed during view rendering. Explicitly configure spring.jpa.open-in-view to disable this warning
2023-11-25T01:03:32.579+01:00  INFO 6408 --- [           main] c.g.p.ProjectPfeApplicationTests         : Started ProjectPfeApplicationTests in 8.607 seconds (process running for 11.143)
]]></system-out>
  </testcase>
</testsuite>